\BOOKMARK [0][-]{chapter.1}{Schedule}{}% 1
\BOOKMARK [1][-]{section.1.1}{Initial Schedule}{chapter.1}% 2
\BOOKMARK [1][-]{section.1.2}{Final schedule \205 comparison as planned and as achieved}{chapter.1}% 3
\BOOKMARK [0][-]{chapter.2}{Requirements}{}% 4
\BOOKMARK [0][-]{chapter.3}{Launcher requirements and launch enveloppe}{}% 5
\BOOKMARK [0][-]{chapter.4}{Mission analysis}{}% 6
\BOOKMARK [0][-]{chapter.5}{Satellite catching process}{}% 7
\BOOKMARK [1][-]{section.5.1}{Choice of the process}{chapter.5}% 8
\BOOKMARK [1][-]{section.5.2}{Magnetic solution}{chapter.5}% 9
\BOOKMARK [2][-]{subsection.5.2.1}{Assumptions}{section.5.2}% 10
\BOOKMARK [1][-]{section.5.3}{Sketching and Calculations}{chapter.5}% 11
\BOOKMARK [0][-]{chapter.6}{Heat shield}{}% 12
\BOOKMARK [0][-]{chapter.7}{Propellant selection}{}% 13
\BOOKMARK [1][-]{section.7.1}{Options overview}{chapter.7}% 14
\BOOKMARK [1][-]{section.7.2}{Detailed comparison between MON/MMH and H2O2/RP-1}{chapter.7}% 15
\BOOKMARK [1][-]{section.7.3}{H2O2/RP-1 feasibility check}{chapter.7}% 16
\BOOKMARK [1][-]{section.7.4}{Summary}{chapter.7}% 17
\BOOKMARK [0][-]{chapter.8}{Vehicle design}{}% 18
\BOOKMARK [0][-]{chapter.9}{Mass model}{}% 19
\BOOKMARK [1][-]{section.9.1}{Mass Budget - First Iteration}{chapter.9}% 20
\BOOKMARK [2][-]{subsection.9.1.1}{Coefficients \046 Masses after steps}{section.9.1}% 21
\BOOKMARK [2][-]{subsection.9.1.2}{Global equation between mUP and minitial}{section.9.1}% 22
\BOOKMARK [2][-]{subsection.9.1.3}{First iteration of mass budget}{section.9.1}% 23
\BOOKMARK [1][-]{section.9.2}{Mass Budget - Second iteration}{chapter.9}% 24
\BOOKMARK [2][-]{subsection.9.2.1}{Coefficients \046 Masses after steps}{section.9.2}% 25
\BOOKMARK [2][-]{subsection.9.2.2}{Global equation between m\137\173UP\175 and m\137\173initial\175}{section.9.2}% 26
\BOOKMARK [2][-]{subsection.9.2.3}{Second iteration of mass budget}{section.9.2}% 27
\BOOKMARK [1][-]{section.9.3}{Frozen information}{chapter.9}% 28
\BOOKMARK [2][-]{subsection.9.3.1}{Frozen points}{section.9.3}% 29
\BOOKMARK [1][-]{section.9.4}{Mass Budget - Final iteration}{chapter.9}% 30
\BOOKMARK [2][-]{subsection.9.4.1}{Coefficients \046 Masses after steps}{section.9.4}% 31
\BOOKMARK [2][-]{subsection.9.4.2}{Global equation between m\137\173UP\175 and m\137\173initial\175}{section.9.4}% 32
\BOOKMARK [2][-]{subsection.9.4.3}{Detailed contributors}{section.9.4}% 33
\BOOKMARK [2][-]{subsection.9.4.4}{Final mass budget}{section.9.4}% 34
\BOOKMARK [0][-]{chapter.10}{Propulsion system}{}% 35
\BOOKMARK [1][-]{section.10.1}{Engine cycle}{chapter.10}% 36
\BOOKMARK [1][-]{section.10.2}{RCS / ACS}{chapter.10}% 37
\BOOKMARK [1][-]{section.10.3}{Multi-usage of hydrogen peroxide}{chapter.10}% 38
\BOOKMARK [1][-]{section.10.4}{Propellant tanks}{chapter.10}% 39
\BOOKMARK [1][-]{section.10.5}{Pressurization system}{chapter.10}% 40
\BOOKMARK [1][-]{section.10.6}{Catalyzer}{chapter.10}% 41
\BOOKMARK [1][-]{section.10.7}{Injectors}{chapter.10}% 42
\BOOKMARK [1][-]{section.10.8}{Feeding system}{chapter.10}% 43
\BOOKMARK [2][-]{subsection.10.8.1}{Line diameters}{section.10.8}% 44
\BOOKMARK [2][-]{subsection.10.8.2}{Fuel feeding system}{section.10.8}% 45
\BOOKMARK [2][-]{subsection.10.8.3}{Oxidizer feeding system}{section.10.8}% 46
\BOOKMARK [1][-]{section.10.9}{Turbo pumps}{chapter.10}% 47
\BOOKMARK [1][-]{section.10.10}{Pressure evolution summary}{chapter.10}% 48
\BOOKMARK [2][-]{subsection.10.10.1}{Fuel side}{section.10.10}% 49
\BOOKMARK [2][-]{subsection.10.10.2}{Oxidizer side}{section.10.10}% 50
\BOOKMARK [1][-]{section.10.11}{Engine}{chapter.10}% 51
\BOOKMARK [1][-]{section.10.12}{Nozzle}{chapter.10}% 52
\BOOKMARK [0][-]{chapter.11}{Simulations}{}% 53
\BOOKMARK [1][-]{section.11.1}{Engine performance simulation}{chapter.11}% 54
\BOOKMARK [1][-]{section.11.2}{Regenerative cooling simulation}{chapter.11}% 55
\BOOKMARK [1][-]{section.11.3}{Hydrogen peroxide decomposition simulation}{chapter.11}% 56
\BOOKMARK [0][-]{chapter.12}{Evaluation}{}% 57
\BOOKMARK [1][-]{section.12.1}{Requirement verification}{chapter.12}% 58
\BOOKMARK [1][-]{section.12.2}{Lessons learnt}{chapter.12}% 59
